


ARM Macro Assembler    Page 1 


    1 00000000                 PRESERVE8
    2 00000000                 THUMB
    3 00000000                 include          DriverJeuLaser.inc
    1 00000000         
    2 00000000         ; Bibliotheque DriverJeuLaser (ancienne gassp72 adaptée 
                       2021 - TR)
    3 00000000         ; Accès en aux fonctions suivantes :
    4 00000000         ; GPIO :
    5 00000000         ; GPIOA_Set(char Broche), GPIOB_Set(char Broche), GPIOC_
                       Set(char Broche)
    6 00000000         ; GPIOA_Clear(char Broche), GPIOB_Clear(char Broche), GP
                       IOC_Clear(char Broche)
    7 00000000         
    8 00000000         ; PWM :
    9 00000000         ;/**
   10 00000000         ; * @brief  Fixe une valeur de PWM, Val, en tick horloge
                       . La rapport cyclique effectif
   11 00000000         ; * est donc : rcy = Thaut_ticks / Periode_ticks
   12 00000000         ; * @note   spécifique Jeu Laser, PWM liée exclusivement
                        au TIM3, chan3
   13 00000000         ; * @param  Thaut_ticks : durée de l'état haut d'une imp
                       ulsion en Ticks
   14 00000000         ;  * @retval None
   15 00000000         ; */
   16 00000000         
   17 00000000         ;void PWM_Set_Value_TIM3_Ch3( unsigned short int Thaut_t
                       icks);
   18 00000000                 import           PWM_Set_Value_TIM3_Ch3
   19 00000000         
   20 00000000         
   21 00000000         
   22 00000000         ;/**
   23 00000000         ; * @brief  Mise à 1 d'une broche GPIO 
   24 00000000         ;  * @note   Une fonction par GPIO
   25 00000000         ; * @param  Broche : 0 à 15
   26 00000000         ; * @retval None
   27 00000000         ; */
   28 00000000         
   29 00000000         ;void GPIOA_Set(char Broche);
   30 00000000                 import           GPIOA_Set
   31 00000000         
   32 00000000         ;void GPIOB_Set(char Broche);
   33 00000000                 import           GPIOB_Set
   34 00000000         
   35 00000000         ;void GPIOC_Set(char Broche);
   36 00000000                 import           GPIOC_Set
   37 00000000         
   38 00000000         
   39 00000000         
   40 00000000         ;/**
   41 00000000         ; * @brief  Mise à 0 d'une broche GPIO 
   42 00000000         ;  * @note   Une fonction par GPIO
   43 00000000         ; * @param  Broche : 0 à 15
   44 00000000         ; * @retval None
   45 00000000         ;  */
   46 00000000         
   47 00000000         ;void GPIOA_Clear(char Broche);
   48 00000000                 import           GPIOA_Clear
   49 00000000         



ARM Macro Assembler    Page 2 


   50 00000000         ;void GPIOB_Clear(char Broche);
   51 00000000                 import           GPIOB_Clear
   52 00000000         
   53 00000000         ;void GPIOC_Clear(char Broche);
   54 00000000                 import           GPIOC_Clear
   55 00000000         
   56 00000000                 end
    4 00000000         
    5 00000000         ; ====================== zone de réservation de données,
                         ======================================
    6 00000000         ;Section RAM (read only) :
    7 00000000                 area             mesdata,data,readonly
    8 00000000         
    9 00000000         
   10 00000000         ;Section RAM (read write):
   11 00000000                 area             maram,data,readwrite
   12 00000000         
   13 00000000         
   14 00000000         
   15 00000000         ; ======================================================
                       =========================================
   16 00000000         
   17 00000000 00000001 
                       Index   dcd              1
   18 00000004 00000000 
                       SortieSon
                               dcd              0
   19 00000008         
   20 00000008         ;Section ROM code (read only) :  
   21 00000008                 area             moncode,code,readonly
   22 00000000         ; écrire le code ici  
   23 00000000                 export           CallbackSon
   24 00000000                 export           SortieSon
   25 00000000                 extern           Son
   26 00000000                 extern           LongueurSon
   27 00000000         
   28 00000000         CallbackSon
                               proc
   29 00000000 B500            push             {lr}
   30 00000002         
   31 00000002         ; Lecture du Son
   32 00000002 4810            ldr              r0, =Son    ; r0 = Adresse de S
                                                            on;
   33 00000004 4910            ldr              r1, =Index  ; r1 = Adresse de I
                                                            ndex;
   34 00000006 F8D1 C000       ldr              r12, [r1]
   35 0000000A F930 C01C       ldrsh            r12, [r0, r12, lsl #1] ; r2 = r
                                                            0 + r12 * (2^1)
   36 0000000E         
   37 0000000E 6808            ldr              r0, [r1]
   38 00000010 4A0E            ldr              r2, =LongueurSon 
                                                            ; Adresse de r0
   39 00000012 6812            ldr              r2, [r2]
   40 00000014 4290            cmp              r0, r2      ; if Index > Longue
                                                            urSon
   41 00000016 DC11            bgt              Fin
   42 00000018         ; Mise à l'échelle ET stockage dans SortieSon
   43 00000018         ; [0; 719]
   44 00000018         ; [-32768; 32767] (2^16 = 65 536 valeurs possibles)



ARM Macro Assembler    Page 3 


   45 00000018         ; 0 -> -32768
   46 00000018         ; 719 -> 32767
   47 00000018 4B0D            ldr              r3, =SortieSon ; r3 = Adresse d
                                                            e SortieSon;
   48 0000001A F50C 4C00       add              r12, #32768 ; r2 = r2 + 32768
   49 0000001E F240 22CF       mov              r2, #719    ; Stock le paramètr
                                                            e 719 dans R12
   50 00000022 FB0C FC02       mul              r12, r2     ; r2 = r2 * 719
   51 00000026 EA4F 4C1C       lsr              r12, #16
   52 0000002A F8C3 C000       str              r12, [r3]   ; SortieSon = Valeu
                                                            r de r12*
   53 0000002E         
   54 0000002E         ; Incrémentation de l'index
   55 0000002E 6808            ldr              r0, [r1]
   56 00000030 F100 0001       add              r0, #1
   57 00000034 6008            str              r0, [r1]
   58 00000036         
   59 00000036 4660            mov              r0, r12
   60 00000038 F7FF FFFE       bl               PWM_Set_Value_TIM3_Ch3 ; PWM_Se
                                                            t_Value_TIM3_Ch3(r1
                                                            2);
   61 0000003C         
   62 0000003C         Fin
   63 0000003C F85D EB04       pop              {lr}
   64 00000040 4770            bx               lr
   65 00000042         
   66 00000042                 endp
   67 00000042         
   68 00000042                 END
              00 00 00000000 
              00000000 
              00000000 
              00000000 
Command Line: --debug --xref --diag_suppress=9931 --cpu=Cortex-M3 --apcs=interw
ork --depend=.\obj\gestionson.d -o.\obj\gestionson.o -I.\Driver -I.\RTE\_CibleS
ondeKEIL -IC:\Programdata\Keil\Arm\Packs\ARM\CMSIS\5.7.0\CMSIS\Core\Include -IC
:\Programdata\Keil\Arm\Packs\Keil\STM32F1xx_DFP\2.3.0\Device\Include --predefin
e="__EVAL SETA 1" --predefine="__MICROLIB SETA 1" --predefine="__UVISION_VERSIO
N SETA 530" --predefine="_RTE_ SETA 1" --predefine="STM32F10X_MD SETA 1" --pred
efine="_RTE_ SETA 1" --list=gestionson.lst Src\GestionSon.s



ARM Macro Assembler    Page 1 Alphabetic symbol ordering
Relocatable symbols

mesdata 00000000

Symbol: mesdata
   Definitions
      At line 7 in file Src\GestionSon.s
   Uses
      None
Comment: mesdata unused
1 symbol



ARM Macro Assembler    Page 1 Alphabetic symbol ordering
Relocatable symbols

Index 00000000

Symbol: Index
   Definitions
      At line 17 in file Src\GestionSon.s
   Uses
      At line 33 in file Src\GestionSon.s
Comment: Index used once
SortieSon 00000004

Symbol: SortieSon
   Definitions
      At line 18 in file Src\GestionSon.s
   Uses
      At line 24 in file Src\GestionSon.s
      At line 47 in file Src\GestionSon.s

maram 00000000

Symbol: maram
   Definitions
      At line 11 in file Src\GestionSon.s
   Uses
      None
Comment: maram unused
3 symbols



ARM Macro Assembler    Page 1 Alphabetic symbol ordering
Relocatable symbols

CallbackSon 00000000

Symbol: CallbackSon
   Definitions
      At line 28 in file Src\GestionSon.s
   Uses
      At line 23 in file Src\GestionSon.s
Comment: CallbackSon used once
Fin 0000003C

Symbol: Fin
   Definitions
      At line 62 in file Src\GestionSon.s
   Uses
      At line 41 in file Src\GestionSon.s
Comment: Fin used once
moncode 00000000

Symbol: moncode
   Definitions
      At line 21 in file Src\GestionSon.s
   Uses
      None
Comment: moncode unused
3 symbols



ARM Macro Assembler    Page 1 Alphabetic symbol ordering
External symbols

GPIOA_Clear 00000000

Symbol: GPIOA_Clear
   Definitions
      At line 48 in file .\Driver\DriverJeuLaser.inc
   Uses
      None
Comment: GPIOA_Clear unused
GPIOA_Set 00000000

Symbol: GPIOA_Set
   Definitions
      At line 30 in file .\Driver\DriverJeuLaser.inc
   Uses
      None
Comment: GPIOA_Set unused
GPIOB_Clear 00000000

Symbol: GPIOB_Clear
   Definitions
      At line 51 in file .\Driver\DriverJeuLaser.inc
   Uses
      None
Comment: GPIOB_Clear unused
GPIOB_Set 00000000

Symbol: GPIOB_Set
   Definitions
      At line 33 in file .\Driver\DriverJeuLaser.inc
   Uses
      None
Comment: GPIOB_Set unused
GPIOC_Clear 00000000

Symbol: GPIOC_Clear
   Definitions
      At line 54 in file .\Driver\DriverJeuLaser.inc
   Uses
      None
Comment: GPIOC_Clear unused
GPIOC_Set 00000000

Symbol: GPIOC_Set
   Definitions
      At line 36 in file .\Driver\DriverJeuLaser.inc
   Uses
      None
Comment: GPIOC_Set unused
LongueurSon 00000000

Symbol: LongueurSon
   Definitions
      At line 26 in file Src\GestionSon.s
   Uses
      At line 38 in file Src\GestionSon.s
Comment: LongueurSon used once
PWM_Set_Value_TIM3_Ch3 00000000

Symbol: PWM_Set_Value_TIM3_Ch3



ARM Macro Assembler    Page 2 Alphabetic symbol ordering
External symbols

   Definitions
      At line 18 in file .\Driver\DriverJeuLaser.inc
   Uses
      At line 60 in file Src\GestionSon.s
Comment: PWM_Set_Value_TIM3_Ch3 used once
Son 00000000

Symbol: Son
   Definitions
      At line 25 in file Src\GestionSon.s
   Uses
      At line 32 in file Src\GestionSon.s
Comment: Son used once
9 symbols
353 symbols in table
